[debug] [2024-10-15T14:15:45.883Z] ----------------------------------------------------------------------
[debug] [2024-10-15T14:15:45.885Z] Command:       C:\Program Files\nodejs\node.exe C:\Users\Lenovo\AppData\Roaming\npm\node_modules\firebase-tools\lib\bin\firebase.js init
[debug] [2024-10-15T14:15:45.886Z] CLI Version:   13.22.0
[debug] [2024-10-15T14:15:45.886Z] Platform:      win32
[debug] [2024-10-15T14:15:45.886Z] Node Version:  v20.15.1
[debug] [2024-10-15T14:15:45.886Z] Time:          Tue Oct 15 2024 19:45:45 GMT+0530 (India Standard Time)
[debug] [2024-10-15T14:15:45.886Z] ----------------------------------------------------------------------
[debug] 
[debug] [2024-10-15T14:15:45.894Z] > command requires scopes: ["email","openid","https://www.googleapis.com/auth/cloudplatformprojects.readonly","https://www.googleapis.com/auth/firebase","https://www.googleapis.com/auth/cloud-platform"]
[debug] [2024-10-15T14:15:45.894Z] > authorizing via signed-in user (rutujaamb@gmail.com)
[info] 
     ######## #### ########  ######## ########     ###     ######  ########
     ##        ##  ##     ## ##       ##     ##  ##   ##  ##       ##
     ######    ##  ########  ######   ########  #########  ######  ######
     ##        ##  ##    ##  ##       ##     ## ##     ##       ## ##
     ##       #### ##     ## ######## ########  ##     ##  ######  ########

You're about to initialize a Firebase project in this directory:

  C:\Users\Lenovo\Desktop\Projects\Art-Gallery

[info] 
=== Project Setup
[info] 
[info] First, let's associate this project directory with a Firebase project.
[info] You can create multiple project aliases by running firebase use --add, 
[info] but for now we'll just set up a default project.
[info] 
[debug] [2024-10-15T14:16:02.230Z] Checked if tokens are valid: false, expires at: 1729001455619
[debug] [2024-10-15T14:16:02.230Z] Checked if tokens are valid: false, expires at: 1729001455619
[debug] [2024-10-15T14:16:02.231Z] > refreshing access token with scopes: []
[debug] [2024-10-15T14:16:02.235Z] >>> [apiv2][query] POST https://www.googleapis.com/oauth2/v3/token [none]
[debug] [2024-10-15T14:16:02.235Z] >>> [apiv2][body] POST https://www.googleapis.com/oauth2/v3/token [omitted]
[debug] [2024-10-15T14:16:02.646Z] <<< [apiv2][status] POST https://www.googleapis.com/oauth2/v3/token 200
[debug] [2024-10-15T14:16:02.646Z] <<< [apiv2][body] POST https://www.googleapis.com/oauth2/v3/token [omitted]
[debug] [2024-10-15T14:16:02.658Z] >>> [apiv2][query] GET https://firebase.googleapis.com/v1beta1/projects pageSize=100
[debug] [2024-10-15T14:16:03.523Z] <<< [apiv2][status] GET https://firebase.googleapis.com/v1beta1/projects 200
[debug] [2024-10-15T14:16:03.523Z] <<< [apiv2][body] GET https://firebase.googleapis.com/v1beta1/projects [omitted]
